<?xml version="1.0" encoding="UTF-8"?>
<!-- Generated by org.testng.reporters.JUnitReportReporter -->
<testsuite hostname="DESKTOP-6IJ24J8" failures="0" tests="1" name="demo1.Login_Test" time="6.956" errors="0" timestamp="18 Jan 2022 00:44:33 GMT" skipped="0">
  <testcase classname="demo1.Login_Test" name="search" time="6.956"/>
</testsuite> <!-- demo1.Login_Test -->
